2023-04-26 17:06:28.743610: I tensorflow/core/platform/cpu_feature_guard.cc:182] This TensorFlow binary is optimized to use available CPU instructions in performance-critical operations.
To enable the following instructions: AVX2 FMA, in other operations, rebuild TensorFlow with the appropriate compiler flags.
/home/ubuntu/Praca_magisterska/Mapa.py:293: RuntimeWarning: invalid value encountered in arccos
  angle = np.arccos(cosine_angle)
/home/ubuntu/Praca_magisterska/Mapa.py:304: RuntimeWarning: invalid value encountered in arccos
  angle = np.arccos(cosine_angle)
Iterations 100, population 10 

woa avgt 27.379919624328615, avgqt 0.0740959644317627 

fpa avgt 27.22893432378769, avgqt 0.03696973323822021 

Iterations 200, population 10 

woa avgt 25.39765899181366, avgqt 0.14689580202102662 

fpa avgt 29.028430616855623, avgqt 0.07286183834075928 

Iterations 300, population 10 

woa avgt 24.006916892528533, avgqt 0.21978518962860108 

fpa avgt 26.440963160991668, avgqt 0.1093113899230957 

Iterations 400, population 10 

woa avgt 29.803995811939238, avgqt 0.2916729927062988 

fpa avgt 29.232231783866883, avgqt 0.14600716829299926 

Iterations 500, population 10 

woa avgt 25.405559635162355, avgqt 0.3667558073997498 

fpa avgt 28.583780312538146, avgqt 0.1815422296524048 

Iterations 600, population 10 

woa avgt 27.910916221141814, avgqt 0.4399270057678223 

fpa avgt 29.88327443599701, avgqt 0.21509405374526977 

Iterations 700, population 10 

woa avgt 28.606581234931944, avgqt 0.5106701970100402 

fpa avgt 29.803269720077516, avgqt 0.25120255947113035 

Iterations 800, population 10 

woa avgt 27.512839484214783, avgqt 0.5878816246986389 

fpa avgt 32.14095268249512, avgqt 0.28585741519927976 

Iterations 900, population 10 

woa avgt 26.142794239521027, avgqt 0.6550878763198853 

fpa avgt 26.93948175907135, avgqt 0.32249765396118163 

Iterations 1000, population 10 

woa avgt 27.02943629026413, avgqt 0.732820451259613 

fpa avgt 28.920198619365692, avgqt 0.35661410093307494 

Iterations 1100, population 10 

woa avgt 26.163131427764892, avgqt 0.8028729796409607 

fpa avgt 28.42374986410141, avgqt 0.3954028248786926 

Iterations 1200, population 10 

woa avgt 29.39864913225174, avgqt 0.8764882802963256 

fpa avgt 30.938580417633055, avgqt 0.4299354314804077 

Iterations 1300, population 10 

woa avgt 29.55088206529617, avgqt 0.9467813372612 

fpa avgt 30.534473133087157, avgqt 0.4642696499824524 

Iterations 1400, population 10 

woa avgt 19.590028405189514, avgqt 1.0299565553665162 

fpa avgt 24.005911815166474, avgqt 0.4979473829269409 

Iterations 1500, population 10 

woa avgt 26.675544500350952, avgqt 1.0999317169189453 

fpa avgt 30.07889281511307, avgqt 0.5354522943496705 

Iterations 1600, population 10 

woa avgt 26.48457363843918, avgqt 1.1726862907409668 

fpa avgt 27.318627023696898, avgqt 0.5708157181739807 

Iterations 1700, population 10 

woa avgt 23.641274917125703, avgqt 1.2464093685150146 

fpa avgt 30.829548275470735, avgqt 0.6062051892280579 

Iterations 1800, population 10 

woa avgt 28.14284371137619, avgqt 1.3188246011734008 

fpa avgt 31.806620347499848, avgqt 0.6416956901550293 

Iterations 1900, population 10 

woa avgt 29.009917879104613, avgqt 1.3885004997253418 

fpa avgt 31.889318573474885, avgqt 0.676620888710022 

Iterations 2000, population 10 

woa avgt 27.136837589740754, avgqt 1.4618129014968873 

fpa avgt 29.914456498622894, avgqt 0.7124768376350403 

Iterations 2100, population 10 

woa avgt 26.587401151657104, avgqt 1.5336037397384643 

fpa avgt 28.602467048168183, avgqt 0.7478346109390259 

Iterations 2200, population 10 

woa avgt 18.979016375541686, avgqt 1.6117352485656737 

fpa avgt 25.38864117860794, avgqt 0.7848936200141907 

Iterations 2300, population 10 

woa avgt 28.23564177751541, avgqt 1.677859604358673 

fpa avgt 32.54721508026123, avgqt 0.8229310631752014 

Iterations 2400, population 10 

woa avgt 28.35500955581665, avgqt 1.7511061072349547 

fpa avgt 30.124493849277496, avgqt 0.8532559871673584 

Iterations 2500, population 10 

woa avgt 24.77905855178833, avgqt 1.8169662356376648 

fpa avgt 29.75467084646225, avgqt 0.8921225070953369 

Iterations 2600, population 10 

woa avgt 25.902195191383363, avgqt 1.8993082642555237 

fpa avgt 30.172504425048828, avgqt 0.9232246398925781 

Iterations 2700, population 10 

woa avgt 26.69382835626602, avgqt 1.9673983216285706 

fpa avgt 28.08750455379486, avgqt 0.9640283823013306 

Iterations 2800, population 10 

woa avgt 25.446887481212617, avgqt 2.039173257350922 

fpa avgt 28.208799135684966, avgqt 0.9945828914642334 

Iterations 2900, population 10 

woa avgt 22.01915376186371, avgqt 2.1155052542686463 

fpa avgt 26.73866263628006, avgqt 1.031766152381897 

Iterations 3000, population 10 

woa avgt 23.50956128835678, avgqt 2.1992141127586367 

fpa avgt 29.414389181137086, avgqt 1.0697874665260314 

Iterations 100, population 20 

woa avgt 27.778461146354676, avgqt 0.14768872261047364 

fpa avgt 29.9972620844841, avgqt 0.07235091924667358 

Iterations 200, population 20 

woa avgt 26.832908928394318, avgqt 0.2935683369636536 

fpa avgt 27.883170890808106, avgqt 0.1442073702812195 

Iterations 300, population 20 

woa avgt 26.95022599697113, avgqt 0.43709739446640017 

fpa avgt 27.416179871559144, avgqt 0.216119647026062 

Iterations 400, population 20 

woa avgt 27.251741802692415, avgqt 0.5825387954711914 

fpa avgt 27.50716506242752, avgqt 0.28750858306884763 

Iterations 500, population 20 

woa avgt 30.02774496078491, avgqt 0.732757031917572 

fpa avgt 32.8223451256752, avgqt 0.35939209461212157 

Iterations 600, population 20 

woa avgt 28.438705682754517, avgqt 0.8695467114448547 

fpa avgt 29.652238881587984, avgqt 0.4325757622718811 

Iterations 700, population 20 

woa avgt 24.55399043560028, avgqt 1.0173429608345033 

fpa avgt 27.241667759418487, avgqt 0.5001957058906555 

Iterations 800, population 20 

woa avgt 24.2570680141449, avgqt 1.1663897514343262 

fpa avgt 26.611337423324585, avgqt 0.570525586605072 

Iterations 900, population 20 

woa avgt 20.859586441516875, avgqt 1.315809953212738 

fpa avgt 24.624381911754607, avgqt 0.6412196516990661 

Iterations 1000, population 20 

woa avgt 25.417146587371825, avgqt 1.4566605806350708 

fpa avgt 27.960208809375764, avgqt 0.7113101601600647 

Iterations 1100, population 20 

woa avgt 26.806458640098572, avgqt 1.6004624366760254 

fpa avgt 28.356731009483337, avgqt 0.7817551851272583 

Iterations 1200, population 20 

woa avgt 24.059189879894255, avgqt 1.7475367784500122 

fpa avgt 28.330763256549837, avgqt 0.8538052678108216 

Iterations 1300, population 20 

woa avgt 22.048391008377074, avgqt 1.893659269809723 

fpa avgt 28.750933396816254, avgqt 0.9310423016548157 

Iterations 1400, population 20 

woa avgt 22.239170455932616, avgqt 2.04533166885376 

fpa avgt 25.725492334365846, avgqt 0.9985785722732544 

Iterations 1500, population 20 

woa avgt 22.70843220949173, avgqt 2.18191659450531 

fpa avgt 27.273435711860657, avgqt 1.0667287111282349 

Iterations 1600, population 20 

woa avgt 22.501918935775755, avgqt 2.3448678612709046 

fpa avgt 27.036271238327025, avgqt 1.1377409815788269 

Iterations 1700, population 20 

woa avgt 19.893651127815247, avgqt 2.4778746485710146 

fpa avgt 28.74887580871582, avgqt 1.2089731693267822 

Iterations 1800, population 20 

woa avgt 25.67522089481354, avgqt 2.6318523406982424 

fpa avgt 29.496038341522215, avgqt 1.2825010299682618 

Iterations 1900, population 20 

woa avgt 23.347677254676817, avgqt 2.767166292667389 

fpa avgt 29.245860528945922, avgqt 1.3522099733352662 

Iterations 2000, population 20 

woa avgt 19.759924030303956, avgqt 2.914822256565094 

fpa avgt 27.358623850345612, avgqt 1.4189759612083435 

Iterations 2100, population 20 

woa avgt 20.62635533809662, avgqt 3.0754481673240663 

fpa avgt 29.29753725528717, avgqt 1.4979819774627685 

Iterations 2200, population 20 

woa avgt 27.796207427978516, avgqt 3.177854371070862 

fpa avgt 34.406791305541994, avgqt 1.5591314315795899 

Iterations 2300, population 20 

woa avgt 17.289269971847535, avgqt 3.3431001901626587 

fpa avgt 28.384460520744323, avgqt 1.6290062427520753 

Iterations 2400, population 20 

woa avgt 18.877238643169402, avgqt 3.4578002214431764 

fpa avgt 27.91230376958847, avgqt 1.6970264077186585 

Iterations 2500, population 20 

woa avgt 20.15127252340317, avgqt 3.5698902010917664 

fpa avgt 26.39227161407471, avgqt 1.7652090191841125 

Iterations 2600, population 20 

woa avgt 17.87414857149124, avgqt 3.716101586818695 

fpa avgt 29.803044962882996, avgqt 1.8442295670509339 

Iterations 2700, population 20 

woa avgt 18.317229413986205, avgqt 3.8749398589134216 

fpa avgt 28.10136890411377, avgqt 1.9136527538299561 

Iterations 2800, population 20 

woa avgt 15.764780724048615, avgqt 4.017744600772858 

fpa avgt 25.595793581008913, avgqt 1.9857071161270141 

Iterations 2900, population 20 

woa avgt 24.3474019408226, avgqt 4.169078385829925 

fpa avgt 32.91107887029648, avgqt 2.0567790150642393 

Iterations 3000, population 20 

woa avgt 17.43966226577759, avgqt 4.308617830276489 

fpa avgt 32.647588682174685, avgqt 2.1229028701782227 

Iterations 100, population 30 

woa avgt 24.63248862028122, avgqt 0.21961230039596558 

fpa avgt 25.510435819625854, avgqt 0.10777415037155151 

Iterations 200, population 30 

woa avgt 27.84771465063095, avgqt 0.435776960849762 

fpa avgt 30.71139762401581, avgqt 0.2136944890022278 

Iterations 300, population 30 

woa avgt 25.836389708518983, avgqt 0.655748474597931 

fpa avgt 28.66074675321579, avgqt 0.31996229887008665 

wa
wa
wa
wa
wa
wa
wa
wa
wa
wa
wa
wa
wa
wa
wa
wa
wa
wa
wa
wa
wa
wa
wa
wa
wa
wa
wa
wa
wa
wa
wa
wa
wa
wa
wa
wa
wa
wa
wa
wa
wa
wa
wa
wa
wa
wa
wa
wa
wa
wa
wa
wa
wa
wa
wa
wa
wa
wa
wa
wa
wa
wa
wa
wa
wa
wa
wa
wa
wa
wa
wa
wa
wa
wa
wa
wa
wa
wa
wa
wa
wa
wa
wa
wa
wa
wa
wa
wa
wa
wa
wa
wa
wa
wa
wa
wa
wa
wa
wa
wa
wa
wa
wa
wa
wa
wa
wa
wa
wa
wa
wa
wa
wa
wa
wa
wa
wa
wa
Iterations 400, population 30 

woa avgt 27.14275413751602, avgqt 0.8704030990600586 

fpa avgt 32.47582353353501, avgqt 0.42656869888305665 

Iterations 500, population 30 

woa avgt 26.58365128040314, avgqt 1.0845500230789185 

fpa avgt 28.977753508090974, avgqt 0.5318056225776673 

Iterations 600, population 30 

woa avgt 22.907952392101286, avgqt 1.3055641293525695 

fpa avgt 27.469566345214844, avgqt 0.6392184853553772 

Iterations 700, population 30 

woa avgt 22.16663898229599, avgqt 1.525645923614502 

fpa avgt 28.521587872505187, avgqt 0.7465881109237671 

Iterations 800, population 30 

woa avgt 25.219216656684875, avgqt 1.7315654277801513 

fpa avgt 31.43597322702408, avgqt 0.8525052189826965 

Iterations 900, population 30 

woa avgt 25.171588838100433, avgqt 1.950763201713562 

fpa avgt 28.734621119499206, avgqt 0.9581117272377014 

Iterations 1000, population 30 

woa avgt 22.385038030147552, avgqt 2.1789797067642214 

fpa avgt 27.77554848194122, avgqt 1.0639907598495484 

Iterations 1100, population 30 

woa avgt 22.18131536245346, avgqt 2.3748935222625733 

fpa avgt 26.944309973716734, avgqt 1.166962730884552 

Iterations 1200, population 30 

woa avgt 17.03788694143295, avgqt 2.6097318649291994 

fpa avgt 28.386594009399413, avgqt 1.2766794681549072 

Iterations 1300, population 30 

woa avgt 21.765702998638154, avgqt 2.8217617154121397 

fpa avgt 28.877820312976837, avgqt 1.3822136759757995 

Iterations 1400, population 30 

woa avgt 19.264468145370483, avgqt 3.021830141544342 

fpa avgt 27.08569630384445, avgqt 1.486893093585968 

Iterations 1500, population 30 

woa avgt 17.57375302314758, avgqt 3.2583221554756165 

fpa avgt 28.676527297496797, avgqt 1.5965037107467652 

Iterations 1600, population 30 

woa avgt 15.898902046680451, avgqt 3.474714982509613 

fpa avgt 30.621572530269624, avgqt 1.70060054063797 

Iterations 1700, population 30 

woa avgt 16.05131479501724, avgqt 3.703365075588226 

fpa avgt 28.739457619190215, avgqt 1.8114463686943054 

Iterations 1800, population 30 

woa avgt 16.712837755680084, avgqt 3.921400010585785 

fpa avgt 27.827293717861174, avgqt 1.9157524704933167 

Iterations 1900, population 30 

woa avgt 20.30699771642685, avgqt 4.1331987380981445 

fpa avgt 27.53353097438812, avgqt 2.0199218153953553 

Iterations 2000, population 30 

woa avgt 15.477093148231507, avgqt 4.336325359344483 

fpa avgt 30.05092568397522, avgqt 2.126636600494385 

Iterations 2100, population 30 

woa avgt 20.229693984985353, avgqt 4.516288602352143 

fpa avgt 30.938083457946778, avgqt 2.2332565069198607 

Iterations 2200, population 30 

woa avgt 14.754897427558898, avgqt 4.813733744621277 

fpa avgt 27.39155994653702, avgqt 2.3468038201332093 

Iterations 2300, population 30 

woa avgt 19.454535150527953, avgqt 5.0120969891548155 

fpa avgt 31.294370794296263, avgqt 2.4442029356956483 

Iterations 2400, population 30 

woa avgt 15.954205858707429, avgqt 5.211963999271393 

fpa avgt 31.136170029640198, avgqt 2.554702341556549 

Iterations 2500, population 30 

woa avgt 18.292814195156097, avgqt 5.43531619310379 

fpa avgt 27.68941036462784, avgqt 2.656883215904236 

Iterations 2600, population 30 

woa avgt 15.611236190795898, avgqt 5.619959819316864 

fpa avgt 35.375453639030454, avgqt 2.7609660267829894 

Iterations 2700, population 30 

woa avgt 17.245357072353364, avgqt 5.899134683609009 

fpa avgt 31.988037407398224, avgqt 2.8857236742973327 

Iterations 2800, population 30 

woa avgt 15.78533980846405, avgqt 6.124904203414917 

fpa avgt 35.1378856420517, avgqt 2.9825374364852903 

Iterations 2900, population 30 

woa avgt 20.08279150724411, avgqt 6.337610709667206 

fpa avgt 33.74425288438797, avgqt 3.131109631061554 

Iterations 3000, population 30 

woa avgt 16.129699528217316, avgqt 6.479283010959625 

fpa avgt 28.844887828826906, avgqt 3.1867784380912783 

Iterations 100, population 40 

woa avgt 25.875296437740325, avgqt 0.29380327463150024 

fpa avgt 25.741219782829283, avgqt 0.14355182647705078 

Iterations 200, population 40 

woa avgt 25.087160563468935, avgqt 0.6044409394264221 

fpa avgt 25.746742522716524, avgqt 0.295145058631897 

Iterations 300, population 40 

woa avgt 27.421731770038605, avgqt 0.9284468412399292 

fpa avgt 31.665126657485963, avgqt 0.44723799228668215 

Iterations 400, population 40 

woa avgt 25.512711703777313, avgqt 1.201492476463318 

fpa avgt 27.100409185886384, avgqt 0.5781371355056762 

Iterations 500, population 40 

woa avgt 25.232407426834108, avgqt 1.4659866213798523 

fpa avgt 30.805988371372223, avgqt 0.7074037313461303 

Iterations 600, population 40 

woa avgt 21.820523262023926, avgqt 1.7481803059577943 

fpa avgt 29.056918466091155, avgqt 0.8494842052459717 

Iterations 700, population 40 

woa avgt 22.347575867176054, avgqt 2.0474294304847716 

fpa avgt 28.275920808315277, avgqt 0.9913000226020813 

Iterations 800, population 40 

woa avgt 26.237329530715943, avgqt 2.339514696598053 

fpa avgt 30.942129623889922, avgqt 1.130840814113617 

Iterations 900, population 40 

woa avgt 18.656622421741485, avgqt 2.6488051772117616 

fpa avgt 27.21236135959625, avgqt 1.2702147841453553 

Iterations 1000, population 40 

woa avgt 19.05190943479538, avgqt 2.913613569736481 

fpa avgt 31.947763216495513, avgqt 1.411087453365326 

Iterations 1100, population 40 

woa avgt 22.167390012741087, avgqt 3.2069239974021913 

fpa avgt 30.46776202917099, avgqt 1.5554956197738647 

Iterations 1200, population 40 

woa avgt 19.034825146198273, avgqt 3.5049200892448424 

fpa avgt 29.458883833885192, avgqt 1.6961756110191346 

Iterations 1300, population 40 

woa avgt 19.7885471701622, avgqt 3.7908480763435364 

fpa avgt 29.749878561496736, avgqt 1.8365746021270752 

Iterations 1400, population 40 

woa avgt 15.938985669612885, avgqt 4.082160902023316 

fpa avgt 28.708452892303466, avgqt 1.9779807925224304 

Iterations 1500, population 40 

woa avgt 16.641109657287597, avgqt 4.373931932449341 

fpa avgt 31.75490231513977, avgqt 2.1196215987205504 

Iterations 1600, population 40 

woa avgt 15.29876368045807, avgqt 4.700064098834991 

fpa avgt 26.68012021780014, avgqt 2.258174645900726 

Iterations 1700, population 40 

woa avgt 23.329802441596986, avgqt 4.975335955619812 

fpa avgt 33.711257982254025, avgqt 2.39702889919281 

Iterations 1800, population 40 

woa avgt 16.28120287656784, avgqt 5.307912170886993 

fpa avgt 30.176064872741698, avgqt 2.5392735838890075 

Iterations 1900, population 40 

woa avgt 17.087307620048524, avgqt 5.598263680934906 

fpa avgt 30.942131567001343, avgqt 2.6800840973854063 

Iterations 2000, population 40 

woa avgt 15.452496421337127, avgqt 5.8668112516403195 

fpa avgt 27.458485817909242, avgqt 2.8174988865852355 

Iterations 2100, population 40 

woa avgt 14.391150557994843, avgqt 6.244129085540772 

fpa avgt 29.566324996948243, avgqt 2.969140577316284 

Iterations 2200, population 40 

woa avgt 13.546661806106567, avgqt 6.502875697612763 

fpa avgt 27.214821755886078, avgqt 3.101090729236603 

Iterations 2300, population 40 

woa avgt 13.33669513463974, avgqt 6.626607823371887 

fpa avgt 27.32841330766678, avgqt 3.243517351150513 

Iterations 2400, population 40 

woa avgt 12.057674944400787, avgqt 6.957805204391479 

fpa avgt 31.381074595451356, avgqt 3.3908666372299194 

Iterations 2500, population 40 

woa avgt 17.392632019519805, avgqt 7.210048007965088 

fpa avgt 33.65925089120865, avgqt 3.5292431712150574 

Iterations 2600, population 40 

woa avgt 13.059817492961884, avgqt 7.641072881221771 

fpa avgt 33.11163220405579, avgqt 3.732487440109253 

Iterations 2700, population 40 

woa avgt 12.882060110569, avgqt 7.815683650970459 

fpa avgt 31.868700206279755, avgqt 3.83153475522995 

Iterations 2800, population 40 

woa avgt 10.209484732151031, avgqt 7.96096830368042 

fpa avgt 29.227158105373384, avgqt 3.948190140724182 

Iterations 2900, population 40 

woa avgt 13.52108645439148, avgqt 8.29764095544815 

fpa avgt 27.048342370986937, avgqt 4.092130422592163 

Iterations 3000, population 40 

woa avgt 13.6236168384552, avgqt 8.587926626205444 

fpa avgt 32.150373339653015, avgqt 4.2329629778862 

Iterations 100, population 50 

woa avgt 23.035735893249512, avgqt 0.36422051191329957 

fpa avgt 24.610546517372132, avgqt 0.17927858829498292 

Iterations 200, population 50 

woa avgt 27.91687296628952, avgqt 0.7653008937835694 

fpa avgt 30.912327778339385, avgqt 0.3698220610618591 

Iterations 300, population 50 

woa avgt 23.7759379029274, avgqt 1.1864816188812255 

fpa avgt 29.188420844078063, avgqt 0.5689924716949463 

Iterations 400, population 50 

woa avgt 26.949266219139098, avgqt 1.58258775472641 

fpa avgt 31.535874319076537, avgqt 0.7570448279380798 

Iterations 500, population 50 

woa avgt 26.45553538799286, avgqt 1.9010791182518005 

fpa avgt 31.280743312835693, avgqt 0.9154472470283508 

Iterations 600, population 50 

woa avgt 26.22411004304886, avgqt 2.2706423163414002 

fpa avgt 28.036787390708923, avgqt 1.089160108566284 

Iterations 700, population 50 

woa avgt 17.83282438516617, avgqt 2.7718506813049317 

fpa avgt 28.320997166633607, avgqt 1.316642701625824 

Iterations 800, population 50 

woa avgt 22.177005660533904, avgqt 3.1648699164390566 

fpa avgt 29.912124145030976, avgqt 1.503975224494934 

Iterations 900, population 50 

woa avgt 22.972113919258117, avgqt 3.5466548204421997 

fpa avgt 31.907621991634368, avgqt 1.6801219820976256 

Iterations 1000, population 50 

woa avgt 17.80303418636322, avgqt 3.6572596430778503 

fpa avgt 29.05898561477661, avgqt 1.7866062641143798 

Iterations 1100, population 50 

woa avgt 23.44062727689743, avgqt 3.966606914997101 

fpa avgt 31.17373172044754, avgqt 1.9404414296150208 

Iterations 1200, population 50 

woa avgt 11.691782021522522, avgqt 4.304005062580108 

fpa avgt 26.470572209358217, avgqt 2.117372441291809 

Iterations 1300, population 50 

woa avgt 17.084595692157745, avgqt 4.66130279302597 

fpa avgt 28.891269171237944, avgqt 2.2948737740516663 

Iterations 1400, population 50 

woa avgt 12.536888980865479, avgqt 5.028812718391419 

fpa avgt 27.034481358528136, avgqt 2.4692368507385254 

Iterations 1500, population 50 

woa avgt 17.20273470878601, avgqt 5.392898511886597 

fpa avgt 30.022962284088134, avgqt 2.6480594515800475 

Iterations 1600, population 50 

woa avgt 16.387167501449586, avgqt 5.7201757550239565 

fpa avgt 32.83267810344696, avgqt 2.825845682621002 

Iterations 1700, population 50 

woa avgt 17.12519379854202, avgqt 6.077353310585022 

fpa avgt 32.518118512630465, avgqt 2.9952059388160706 

Iterations 1800, population 50 

woa avgt 13.38561283349991, avgqt 6.444616794586182 

fpa avgt 29.494773399829864, avgqt 3.1756993174552917 

Iterations 1900, population 50 

woa avgt 15.416854274272918, avgqt 6.82220230102539 

fpa avgt 33.51048384904861, avgqt 3.35174446105957 

Iterations 2000, population 50 

woa avgt 11.12102097272873, avgqt 7.234766805171967 

fpa avgt 29.646193623542786, avgqt 3.5246489882469176 

Iterations 2100, population 50 

woa avgt 13.37462967634201, avgqt 7.608413434028625 

fpa avgt 31.933612608909606, avgqt 3.6973426699638368 

Iterations 2200, population 50 

woa avgt 13.999122869968414, avgqt 7.974874126911163 

fpa avgt 29.41970099210739, avgqt 3.872137355804443 

Iterations 2300, population 50 

woa avgt 11.836155021190644, avgqt 8.335620510578156 

fpa avgt 31.875798869132996, avgqt 4.047731685638428 

Iterations 2400, population 50 

woa avgt 13.773422014713287, avgqt 8.685118472576141 

fpa avgt 30.58290401697159, avgqt 4.225138330459595 

Iterations 2500, population 50 

woa avgt 13.760133361816406, avgqt 9.337931883335113 

fpa avgt 28.053689455986024, avgqt 4.497877693176269 

Iterations 2600, population 50 

woa avgt 11.03710205554962, avgqt 10.25944917201996 

fpa avgt 33.912628817558286, avgqt 4.8925457239151005 

Iterations 2700, population 50 

woa avgt 13.78402112722397, avgqt 10.695796954631806 

fpa avgt 33.5044127702713, avgqt 5.081052696704864 

Iterations 2800, population 50 

woa avgt 11.84770256280899, avgqt 11.116705310344695 

fpa avgt 34.04227727651596, avgqt 5.266470801830292 

Iterations 2900, population 50 

woa avgt 14.647515511512756, avgqt 11.454531240463258 

fpa avgt 32.425069618225095, avgqt 5.4484852910041806 

Iterations 3000, population 50 

woa avgt 13.555703377723693, avgqt 11.87769502401352 

fpa avgt 34.15323152542114, avgqt 5.64837429523468 

Iterations 100, population 60 

woa avgt 25.41839040517807, avgqt 0.4779163718223572 

fpa avgt 27.17601191997528, avgqt 0.22888251543045043 

Iterations 200, population 60 

woa avgt 21.107972812652587, avgqt 0.9053210020065308 

fpa avgt 24.18054869174957, avgqt 0.4388542652130127 

Iterations 300, population 60 

woa avgt 23.72817542552948, avgqt 1.303716230392456 

fpa avgt 29.039821696281432, avgqt 0.6385602712631225 

Iterations 400, population 60 

woa avgt 21.168066453933715, avgqt 1.7357085824012757 

fpa avgt 27.07143828868866, avgqt 0.8502482056617737 

Iterations 500, population 60 

woa avgt 16.709379529953004, avgqt 2.1870925545692446 

fpa avgt 25.87699921131134, avgqt 1.062057650089264 

Iterations 600, population 60 

woa avgt 18.527600622177125, avgqt 2.6076845049858095 

fpa avgt 28.172776317596437, avgqt 1.275876235961914 

Iterations 700, population 60 

woa avgt 15.372539055347442, avgqt 3.050771713256836 

fpa avgt 28.10193430185318, avgqt 1.4860954880714417 

Iterations 800, population 60 

woa avgt 18.988481760025024, avgqt 3.4772700905799865 

fpa avgt 32.40260210037231, avgqt 1.6979970932006836 

Iterations 900, population 60 

woa avgt 18.60007175207138, avgqt 3.9215743064880373 

fpa avgt 35.164730513095854, avgqt 1.9155813813209535 

Iterations 1000, population 60 

woa avgt 13.726387906074525, avgqt 4.381709730625152 

fpa avgt 29.498104536533354, avgqt 2.128037655353546 

Iterations 1100, population 60 

woa avgt 16.853409910202025, avgqt 4.791319370269775 

fpa avgt 29.718443286418914, avgqt 2.3305559754371643 

Iterations 1200, population 60 

woa avgt 16.512817287445067, avgqt 5.226992571353913 

fpa avgt 32.50435817241669, avgqt 2.542606294155121 

Iterations 1300, population 60 

woa avgt 17.55404225587845, avgqt 5.664290177822113 

fpa avgt 33.05735448598862, avgqt 2.758639943599701 

Iterations 1400, population 60 

woa avgt 8.468094432353974, avgqt 6.114498329162598 

fpa avgt 26.593900287151335, avgqt 2.9707499027252195 

Iterations 1500, population 60 

woa avgt 11.416993629932403, avgqt 6.530771088600159 

fpa avgt 31.1283789396286, avgqt 3.1824601769447325 

Iterations 1600, population 60 

woa avgt 12.423569428920747, avgqt 6.956272459030151 

fpa avgt 28.23914830684662, avgqt 3.405966889858246 

Iterations 1700, population 60 

woa avgt 11.516657781600951, avgqt 7.349513602256775 

fpa avgt 28.187793326377868, avgqt 3.6189016580581663 

Iterations 1800, population 60 

woa avgt 12.878135883808136, avgqt 7.748805844783783 

fpa avgt 34.61873507499695, avgqt 3.8575305223464964 

Iterations 1900, population 60 

woa avgt 11.649671924114227, avgqt 8.224300968647004 

fpa avgt 28.310223257541658, avgqt 4.022512745857239 

Iterations 2000, population 60 

woa avgt 12.09224704504013, avgqt 8.735537385940551 

fpa avgt 28.455524480342866, avgqt 4.238152599334716 

Iterations 2100, population 60 

woa avgt 10.720326673984527, avgqt 9.147543799877166 

fpa avgt 31.022368216514586, avgqt 4.44592913389206 

Iterations 2200, population 60 

woa avgt 13.397588455677033, avgqt 9.60699051618576 

fpa avgt 30.966792464256287, avgqt 4.658901476860047 

Iterations 2300, population 60 

woa avgt 12.663936972618103, avgqt 10.029500269889832 

fpa avgt 29.67502365112305, avgqt 4.873420083522797 

Iterations 2400, population 60 

woa avgt 15.818566155433654, avgqt 10.474683809280396 

fpa avgt 31.34242925643921, avgqt 5.091761231422424 

Iterations 2500, population 60 

woa avgt 13.134587967395783, avgqt 10.912818706035614 

fpa avgt 32.81424108743668, avgqt 5.297819828987121 

Iterations 2600, population 60 

woa avgt 14.113827681541443, avgqt 11.355106246471404 

fpa avgt 33.652767622470854, avgqt 5.508001065254211 

Iterations 2700, population 60 

woa avgt 14.62668639421463, avgqt 11.75376045703888 

fpa avgt 39.320991730690004, avgqt 5.725050711631775 

Iterations 2800, population 60 

woa avgt 16.258620846271516, avgqt 12.256140089035034 

fpa avgt 33.488145768642426, avgqt 5.935615742206574 

Iterations 2900, population 60 

woa avgt 13.504704773426056, avgqt 12.686544215679168 

fpa avgt 33.180096459388736, avgqt 6.144112062454224 

Iterations 3000, population 60 

woa avgt 14.306344556808472, avgqt 13.112442409992218 

fpa avgt 32.10166932344437, avgqt 6.357038748264313 

Iterations 100, population 70 

woa avgt 28.414412999153136, avgqt 0.5134543180465698 

fpa avgt 29.942865550518036, avgqt 0.2502773404121399 

Iterations 200, population 70 

woa avgt 23.630499041080476, avgqt 1.0298371195793152 

fpa avgt 27.225057864189147, avgqt 0.49803565740585326 

Iterations 300, population 70 

woa avgt 21.745227181911467, avgqt 1.5356218338012695 

fpa avgt 28.0763986825943, avgqt 0.7446148991584778 

Iterations 400, population 70 

woa avgt 19.419516360759737, avgqt 2.0476145267486574 

fpa avgt 28.36098133325577, avgqt 0.9922078371047973 

Iterations 500, population 70 

woa avgt 21.690678882598878, avgqt 2.5703282594680785 

fpa avgt 28.554014134407044, avgqt 1.250745677947998 

Iterations 600, population 70 

woa avgt 14.911610114574433, avgqt 3.1625986218452455 

fpa avgt 33.050249743461606, avgqt 1.5229533791542054 

Iterations 700, population 70 

woa avgt 17.620265328884123, avgqt 3.5898980855941773 

fpa avgt 28.5418799161911, avgqt 1.732863426208496 

Iterations 800, population 70 

woa avgt 16.45876281261444, avgqt 4.40194138288498 

fpa avgt 29.2446972489357, avgqt 2.057053601741791 

Iterations 900, population 70 

woa avgt 14.861780595779418, avgqt 5.067813694477081 

fpa avgt 28.78640835285187, avgqt 2.329809379577637 

Iterations 1000, population 70 

woa avgt 15.196442484855652, avgqt 5.58149631023407 

fpa avgt 30.03192548751831, avgqt 2.606855404376984 

Iterations 1100, population 70 

woa avgt 12.398998188972474, avgqt 6.122481894493103 

fpa avgt 28.40873188972473, avgqt 2.8869189977645875 

Iterations 1200, population 70 

woa avgt 12.09844892024994, avgqt 6.476228523254394 

fpa avgt 28.325324332714082, avgqt 3.082556128501892 

Iterations 1300, population 70 

woa avgt 15.532406067848205, avgqt 6.709520220756531 

fpa avgt 31.99441442489624, avgqt 3.2387089252471926 

Iterations 1400, population 70 

woa avgt 9.499711573123932, avgqt 7.176456344127655 

fpa avgt 32.94700790643692, avgqt 3.467417371273041 

Iterations 1500, population 70 

woa avgt 12.474467396736145, avgqt 7.741562044620514 

fpa avgt 28.39285252094269, avgqt 3.7143951535224913 

Iterations 1600, population 70 

woa avgt 11.276904559135437, avgqt 8.308115875720977 

fpa avgt 29.438871324062347, avgqt 3.982347786426544 

Iterations 1700, population 70 

woa avgt 12.773012781143189, avgqt 8.82024542093277 

fpa avgt 32.559284400939944, avgqt 4.221005392074585 

Iterations 1800, population 70 

woa avgt 12.841471350193023, avgqt 9.332492876052857 

fpa avgt 33.358580315113066, avgqt 4.471104025840759 

Iterations 1900, population 70 

woa avgt 12.499352443218232, avgqt 9.9122976064682 

fpa avgt 31.36853313446045, avgqt 4.706226658821106 

Iterations 2000, population 70 

woa avgt 15.443527710437774, avgqt 10.38399760723114 

fpa avgt 30.766088449954985, avgqt 4.950894749164581 

Iterations 2100, population 70 

woa avgt 11.240282738208771, avgqt 10.943272602558135 

fpa avgt 31.885754013061522, avgqt 5.213686013221741 

Iterations 2200, population 70 

woa avgt 12.771536147594452, avgqt 11.40103954076767 

fpa avgt 31.734936320781706, avgqt 5.458381426334381 

Iterations 2300, population 70 

woa avgt 15.939605402946473, avgqt 11.939424753189087 

fpa avgt 36.35557351112366, avgqt 5.71669362783432 

Iterations 2400, population 70 

woa avgt 14.136860918998718, avgqt 12.413139402866364 

fpa avgt 34.90623226165771, avgqt 5.986369431018829 

Iterations 2500, population 70 

woa avgt 13.025679588317871, avgqt 12.778015947341919 

fpa avgt 36.87239450216293, avgqt 6.238736498355865 

Iterations 2600, population 70 

woa avgt 15.211026167869568, avgqt 13.20540235042572 

fpa avgt 37.261787831783295, avgqt 6.503653836250305 

Iterations 2700, population 70 

woa avgt 14.006849300861358, avgqt 13.739060115814208 

fpa avgt 33.32953288555145, avgqt 6.689205312728882 

Iterations 2800, population 70 

woa avgt 14.341248404979705, avgqt 14.171364939212799 

fpa avgt 35.81857179403305, avgqt 6.930970525741577 

Iterations 2900, population 70 

woa avgt 16.266697704792023, avgqt 14.775156855583191 

fpa avgt 37.294876265525815, avgqt 7.184849214553833 

Iterations 3000, population 70 

woa avgt 16.186321437358856, avgqt 15.195199418067933 

fpa avgt 37.36318665742874, avgqt 7.432731139659881 

Iterations 100, population 80 

woa avgt 24.11820032596588, avgqt 0.5818755507469178 

fpa avgt 28.93641813993454, avgqt 0.2874366283416748 

Iterations 200, population 80 

woa avgt 25.17996988296509, avgqt 1.1592256426811218 

fpa avgt 28.3480215549469, avgqt 0.5710212469100953 

Iterations 300, population 80 

woa avgt 22.488830697536468, avgqt 1.7344987034797668 

fpa avgt 31.04441522359848, avgqt 0.8537191033363343 

Iterations 400, population 80 

woa avgt 20.1838720202446, avgqt 2.312221312522888 

fpa avgt 29.354821109771727, avgqt 1.1386091470718385 

Iterations 500, population 80 

woa avgt 18.190454852581023, avgqt 2.909293603897095 

fpa avgt 30.609154534339904, avgqt 1.4231016278266906 

Iterations 600, population 80 

woa avgt 15.787633371353149, avgqt 3.4772159099578857 

fpa avgt 26.052979159355164, avgqt 1.7066849231719972 

Iterations 700, population 80 

woa avgt 14.7790771484375, avgqt 4.052901935577393 

fpa avgt 33.206398236751554, avgqt 1.9898593425750732 

Iterations 800, population 80 

woa avgt 15.054737496376038, avgqt 4.635778284072876 

fpa avgt 29.260260033607484, avgqt 2.2736161231994627 

Iterations 900, population 80 

woa avgt 12.62085188627243, avgqt 5.195239460468292 

fpa avgt 30.99546972513199, avgqt 2.556527388095856 

Iterations 1000, population 80 

woa avgt 12.717326891422271, avgqt 5.800177121162415 

fpa avgt 30.332781660556794, avgqt 2.8427809357643126 

Iterations 1100, population 80 

woa avgt 14.760245263576508, avgqt 6.370968973636627 

fpa avgt 32.68622406721115, avgqt 3.126984918117523 

Iterations 1200, population 80 

woa avgt 11.860403525829316, avgqt 7.068517661094665 

fpa avgt 32.49450725317001, avgqt 3.425150227546692 

Iterations 1300, population 80 

woa avgt 13.45292946100235, avgqt 7.585600912570953 

fpa avgt 31.53945771455765, avgqt 3.6925211429595945 

Iterations 1400, population 80 

woa avgt 13.655622899532318, avgqt 8.181529557704925 

fpa avgt 33.71679873466492, avgqt 3.970898950099945 

Iterations 1500, population 80 

woa avgt 12.746940076351166, avgqt 8.75997713804245 

fpa avgt 32.87688002586365, avgqt 4.259036481380463 

Iterations 1600, population 80 

woa avgt 13.675413823127746, avgqt 9.35781683921814 

fpa avgt 32.123504507541654, avgqt 4.546108400821685 

Iterations 1700, population 80 

woa avgt 11.52487564086914, avgqt 9.971453547477722 

fpa avgt 34.36195478439331, avgqt 4.8230414390563965 

Iterations 1800, population 80 

woa avgt 11.086579692363738, avgqt 10.666422653198243 

fpa avgt 34.2203207731247, avgqt 5.107308673858642 

Iterations 1900, population 80 

woa avgt 11.99837361574173, avgqt 11.246034717559814 

fpa avgt 34.788620066642764, avgqt 5.382565224170685 

Iterations 2000, population 80 

woa avgt 15.139584243297577, avgqt 11.824859070777894 

fpa avgt 36.013534891605374, avgqt 5.674304568767548 

Iterations 2100, population 80 

woa avgt 14.375192964076996, avgqt 12.40331027507782 

fpa avgt 34.271680891513824, avgqt 5.935595679283142 

Iterations 2200, population 80 

woa avgt 14.297053849697113, avgqt 13.053536355495453 

fpa avgt 33.57070041894913, avgqt 6.234857606887817 

Iterations 2300, population 80 

woa avgt 14.13186137676239, avgqt 13.649975967407226 

fpa avgt 33.15947051048279, avgqt 6.501759040355682 

Iterations 2400, population 80 

woa avgt 14.386887514591217, avgqt 14.222240936756133 

fpa avgt 34.104133462905885, avgqt 6.80682088136673 

Iterations 2500, population 80 

woa avgt 15.02380312681198, avgqt 14.862474620342255 

fpa avgt 35.191311824321744, avgqt 7.108659875392914 

Iterations 2600, population 80 

woa avgt 15.534911859035493, avgqt 15.34563215970993 

fpa avgt 33.97567098140716, avgqt 7.3703602194786075 

Iterations 2700, population 80 

woa avgt 17.83364682197571, avgqt 16.107110345363616 

fpa avgt 34.550578916072844, avgqt 7.692477905750275 

Iterations 2800, population 80 

woa avgt 18.585598623752595, avgqt 16.661763668060303 

fpa avgt 36.95791103839874, avgqt 7.910505986213684 

Iterations 2900, population 80 

woa avgt 17.352331662178038, avgqt 17.23221288919449 

fpa avgt 32.03261204957962, avgqt 8.195661187171936 

Iterations 3000, population 80 

woa avgt 17.865164196491243, avgqt 17.738021039962767 

fpa avgt 37.362443518638614, avgqt 8.474724805355072 

Iterations 100, population 90 

woa avgt 27.635026514530182, avgqt 0.6579907298088074 

fpa avgt 31.27262474298477, avgqt 0.3232043981552124 

Iterations 200, population 90 

woa avgt 24.590721786022186, avgqt 1.316390872001648 

fpa avgt 29.392126977443695, avgqt 0.6415912747383118 

Iterations 300, population 90 

woa avgt 22.47653272151947, avgqt 1.9731688618659973 

fpa avgt 32.54782676696777, avgqt 0.9593136787414551 

Iterations 400, population 90 

woa avgt 14.722588336467743, avgqt 2.634292197227478 

fpa avgt 26.77111394405365, avgqt 1.2766150951385498 

Iterations 500, population 90 

woa avgt 14.630626249313355, avgqt 3.2839133739471436 

fpa avgt 28.632732498645783, avgqt 1.596803319454193 

Iterations 600, population 90 

woa avgt 16.327062284946443, avgqt 3.9445815205574037 

fpa avgt 31.027203154563903, avgqt 1.9153828501701355 

Iterations 700, population 90 

woa avgt 18.21502116918564, avgqt 4.598869597911834 

fpa avgt 32.256192696094516, avgqt 2.2309218049049377 

Iterations 800, population 90 

woa avgt 13.640389966964722, avgqt 5.235356974601745 

fpa avgt 33.25120868682861, avgqt 2.5503782629966736 

Iterations 900, population 90 

woa avgt 10.436022365093232, avgqt 5.921767783164978 

fpa avgt 28.36143560409546, avgqt 2.8656355142593384 

Iterations 1000, population 90 

woa avgt 9.266469359397888, avgqt 6.569926357269287 

fpa avgt 25.8223978638649, avgqt 3.181266963481903 

Iterations 1100, population 90 

woa avgt 10.882580530643462, avgqt 7.227137243747711 

fpa avgt 30.300545740127564, avgqt 3.5057039976119997 

Iterations 1200, population 90 

woa avgt 10.330826878547668, avgqt 7.861343586444855 

fpa avgt 33.53265626430512, avgqt 3.8156707286834717 

Iterations 1300, population 90 

woa avgt 13.797350704669952, avgqt 8.52810320854187 

fpa avgt 32.17878202199936, avgqt 4.136271035671234 

Iterations 1400, population 90 

woa avgt 12.26493011713028, avgqt 9.187582743167876 

fpa avgt 32.0172084569931, avgqt 4.4488825559616085 

Iterations 1500, population 90 

woa avgt 11.703303515911102, avgqt 9.844037175178528 

fpa avgt 36.52823492288589, avgqt 4.770821726322174 

Iterations 1600, population 90 

woa avgt 16.712032306194306, avgqt 10.496559929847717 

fpa avgt 36.29046882390976, avgqt 5.086717069149017 

Iterations 1700, population 90 

woa avgt 13.434658491611481, avgqt 11.191564309597016 

fpa avgt 30.981755602359772, avgqt 5.412223041057587 

Iterations 1800, population 90 

woa avgt 15.86235818862915, avgqt 11.864690732955932 

fpa avgt 31.030657136440276, avgqt 5.725822257995605 

Iterations 1900, population 90 

woa avgt 15.3474400639534, avgqt 12.534561717510224 

fpa avgt 29.697781598567964, avgqt 6.038381254673004 

Iterations 2000, population 90 

woa avgt 13.33742380142212, avgqt 13.134575986862183 

fpa avgt 31.17515754699707, avgqt 6.360930442810059 

Iterations 2100, population 90 

woa avgt 13.933767437934875, avgqt 13.809786319732666 

fpa avgt 32.07819212675095, avgqt 6.677464079856873 

Iterations 2200, population 90 

woa avgt 14.683514249324798, avgqt 14.449782359600068 

fpa avgt 34.39814757108688, avgqt 6.996717011928558 

Iterations 2300, population 90 

woa avgt 16.030409359931944, avgqt 15.100260436534882 

fpa avgt 40.83849012851715, avgqt 7.321791589260101 

Iterations 2400, population 90 

woa avgt 17.37198349237442, avgqt 15.79223130941391 

fpa avgt 33.48080441951752, avgqt 7.63377856016159 

Iterations 2500, population 90 

woa avgt 16.585192179679872, avgqt 16.4614106297493 

fpa avgt 34.38845907449722, avgqt 7.962466835975647 

Iterations 2600, population 90 

woa avgt 17.328885352611543, avgqt 17.09032483100891 

fpa avgt 38.501243555545805, avgqt 8.280621612071991 

Iterations 2700, population 90 

woa avgt 17.905937325954437, avgqt 17.771526789665224 

fpa avgt 37.04784836769104, avgqt 8.596866130828857 

Iterations 2800, population 90 

woa avgt 20.551445603370667, avgqt 18.47453887462616 

fpa avgt 32.51528706550598, avgqt 8.917194497585296 

Iterations 2900, population 90 

woa avgt 21.926636123657225, avgqt 19.07516496181488 

fpa avgt 39.24936451911926, avgqt 9.237169468402863 

Iterations 3000, population 90 

woa avgt 20.902338671684266, avgqt 19.713355433940887 

fpa avgt 37.442625558376314, avgqt 9.5530930519104 

Iterations 100, population 100 

woa avgt 27.32116402387619, avgqt 0.731188976764679 

fpa avgt 27.06699494123459, avgqt 0.3591648697853088 

Iterations 200, population 100 

woa avgt 20.68262858390808, avgqt 1.4612592458724976 

fpa avgt 30.154716873168944, avgqt 0.7139299511909485 

Iterations 300, population 100 

woa avgt 21.20595610141754, avgqt 2.190650963783264 

fpa avgt 28.472043573856354, avgqt 1.0703608751296998 

Iterations 400, population 100 

woa avgt 15.472968173027038, avgqt 2.9225952982902528 

fpa avgt 24.739870178699494, avgqt 1.4215225219726562 

Iterations 500, population 100 

woa avgt 16.270201241970064, avgqt 3.650331902503967 

fpa avgt 31.76000314950943, avgqt 1.7771116495132446 

Iterations 600, population 100 

woa avgt 14.536957025527954, avgqt 4.3704452276229855 

fpa avgt 33.06096317768097, avgqt 2.1325247526168822 

Iterations 700, population 100 

woa avgt 14.51867505311966, avgqt 5.107265067100525 

fpa avgt 30.963629364967346, avgqt 2.495189893245697 

Iterations 800, population 100 

woa avgt 12.62316166162491, avgqt 5.824758398532867 

fpa avgt 32.019152390956876, avgqt 2.834859776496887 

Iterations 900, population 100 

woa avgt 10.26403933763504, avgqt 6.564705908298492 

fpa avgt 27.402116930484773, avgqt 3.1916258335113525 

Iterations 1000, population 100 

woa avgt 12.4843239068985, avgqt 7.270443439483643 

fpa avgt 33.575511717796324, avgqt 3.5448248863220213 

Iterations 1100, population 100 

woa avgt 10.4585911154747, avgqt 7.992672777175903 

fpa avgt 35.5714431643486, avgqt 3.8961786031723022 

Iterations 1200, population 100 

woa avgt 10.218172752857209, avgqt 8.711104917526246 

fpa avgt 31.223728549480438, avgqt 4.246404945850372 

Iterations 1300, population 100 

woa avgt 11.783228600025177, avgqt 9.438906145095824 

fpa avgt 36.704815578460696, avgqt 4.6068470001220705 

Iterations 1400, population 100 

woa avgt 11.016877794265747, avgqt 10.255691266059875 

fpa avgt 31.74454882144928, avgqt 4.960849392414093 

Iterations 1500, population 100 

woa avgt 11.550260531902314, avgqt 10.97269356250763 

fpa avgt 35.228431177139285, avgqt 5.320763325691223 

Iterations 1600, population 100 

woa avgt 12.14107905626297, avgqt 11.676412999629974 

fpa avgt 32.7290109872818, avgqt 5.662008047103882 

Iterations 1700, population 100 

woa avgt 14.942305815219878, avgqt 12.427208578586578 

fpa avgt 35.485327339172365, avgqt 6.015816056728363 

Iterations 1800, population 100 

woa avgt 13.284690666198731, avgqt 13.099080085754395 

fpa avgt 32.879165375232695, avgqt 6.370183849334717 

Iterations 1900, population 100 

woa avgt 14.085823929309845, avgqt 13.902362954616546 

fpa avgt 35.649163210392, avgqt 6.721421122550964 

Iterations 2000, population 100 

woa avgt 14.782463240623475, avgqt 14.659698033332825 

fpa avgt 32.51257728338241, avgqt 7.0757910251617435 

Iterations 2100, population 100 

woa avgt 15.470360589027404, avgqt 15.340405249595642 

fpa avgt 33.409887361526486, avgqt 7.440999925136566 

Iterations 2200, population 100 

woa avgt 16.266133081912994, avgqt 16.09443951845169 

fpa avgt 36.95319505929947, avgqt 7.787049603462219 

Iterations 2300, population 100 

woa avgt 16.93255671262741, avgqt 16.807543456554413 

fpa avgt 33.81401381492615, avgqt 8.14031878709793 

Iterations 2400, population 100 

woa avgt 17.684099793434143, avgqt 17.552362465858458 

fpa avgt 35.299301505088806, avgqt 8.50530972480774 

Iterations 2500, population 100 

woa avgt 18.415828108787537, avgqt 18.275276029109953 

fpa avgt 36.25506786108017, avgqt 8.852553939819336 

Iterations 2600, population 100 

woa avgt 19.131219017505646, avgqt 19.009003257751466 

fpa avgt 35.69662203788757, avgqt 9.202583837509156 

Iterations 2700, population 100 

woa avgt 19.90260418653488, avgqt 19.78279790878296 

fpa avgt 35.05410152673721, avgqt 9.552686214447021 

Iterations 2800, population 100 

woa avgt 20.59617476463318, avgqt 20.469713175296782 

fpa avgt 39.452728188037874, avgqt 9.917469716072082 

Iterations 2900, population 100 

woa avgt 21.243835866451263, avgqt 21.090176928043366 

fpa avgt 41.72791805267334, avgqt 10.25969158411026 

Iterations 3000, population 100 

woa avgt 22.085150051116944, avgqt 21.95533242225647 

fpa avgt 40.39526607990265, avgqt 10.627124106884002 

2023-04-30 10:51:41.955431: I tensorflow/core/platform/cpu_feature_guard.cc:182] This TensorFlow binary is optimized to use available CPU instructions in performance-critical operations.
To enable the following instructions: AVX2 FMA, in other operations, rebuild TensorFlow with the appropriate compiler flags.
yo
yo
yo
yo
yo
yo
yo
yo
yo
yo
yo
yo
yo
yo
yo
yo
yo
yo
yo
yo
yo
yo
yo
yo
yo
yo
yo
yo
Finished generating
yo
yo
yo
yo
yo
yo
yo
yo
yo
yo
yo
yo
yo
yo
yo
yo
yo
yo
yo
yo
yo
yo
yo
yo
yo
yo
yo
yo
yo
yo
yo
yo
yo
yo
yo
yo
yo
yo
yo
yo
yo
yo
yo
yo
yo
yo
yo
yo
yo
yo
yo
yo
Finished generating
Traceback (most recent call last):
  File "/home/ubuntu/Praca_magisterska/testing.py", line 79, in <module>
    nn.setStrategy(None)
AttributeError: 'NN' object has no attribute 'setStrategy'
